#
# There is insufficient memory for the Java Runtime Environment to continue.
# Native memory allocation (malloc) failed to allocate 1048576 bytes for AllocateHeap
# Possible reasons:
#   The system is out of physical RAM or swap space
#   The process is running with CompressedOops enabled, and the Java Heap may be blocking the growth of the native heap
# Possible solutions:
#   Reduce memory load on the system
#   Increase physical memory or swap space
#   Check if swap backing store is full
#   Decrease Java heap size (-Xmx/-Xms)
#   Decrease number of Java threads
#   Decrease Java thread stack sizes (-Xss)
#   Set larger code cache with -XX:ReservedCodeCacheSize=
#   JVM is running with Zero Based Compressed Oops mode in which the Java heap is
#     placed in the first 32GB address space. The Java Heap base address is the
#     maximum limit for the native heap growth. Please use -XX:HeapBaseMinAddress
#     to set the Java Heap base and to place the Java Heap above 32GB virtual address.
# This output file may be truncated or incomplete.
#
#  Out of Memory Error (memory/allocation.inline.hpp:61), pid=5104, tid=0x0000000000002c60
#
# JRE version:  (8.0_221-b11) (build )
# Java VM: Java HotSpot(TM) 64-Bit Server VM (25.221-b11 mixed mode windows-amd64 compressed oops)
# Failed to write core dump. Minidumps are not enabled by default on client versions of Windows
#

---------------  T H R E A D  ---------------

Current thread (0x00000000032ee800):  JavaThread "Unknown thread" [_thread_in_vm, id=11360, stack(0x00000000031c0000,0x00000000032c0000)]

Stack: [0x00000000031c0000,0x00000000032c0000]
[error occurred during error reporting (printing stack bounds), id 0xc0000005]

Native frames: (J=compiled Java code, j=interpreted, Vv=VM code, C=native code)


---------------  P R O C E S S  ---------------

Java Threads: ( => current thread )

Other Threads:

=>0x00000000032ee800 (exited) JavaThread "Unknown thread" [_thread_in_vm, id=11360, stack(0x00000000031c0000,0x00000000032c0000)]

VM state:not at safepoint (normal execution)

VM Mutex/Monitor currently owned by a thread: None

heap address: 0x00000006c1000000, size: 4080 MB, Compressed Oops mode: Zero based, Oop shift amount: 3
Narrow klass base: 0x0000000000000000, Narrow klass shift: 3
Compressed class space size: 1073741824 Address: 0x00000007c0000000

Heap:
 PSYoungGen      total 76288K, used 1310K [0x000000076b000000, 0x0000000770500000, 0x00000007c0000000)
  eden space 65536K, 2% used [0x000000076b000000,0x000000076b147af0,0x000000076f000000)
  from space 10752K, 0% used [0x000000076fa80000,0x000000076fa80000,0x0000000770500000)
  to   space 10752K, 0% used [0x000000076f000000,0x000000076f000000,0x000000076fa80000)
 ParOldGen       total 175104K, used 0K [0x00000006c1000000, 0x00000006cbb00000, 0x000000076b000000)
  object space 175104K, 0% used [0x00000006c1000000,0x00000006c1000000,0x00000006cbb00000)
 Metaspace       used 752K, capacity 4480K, committed 4480K, reserved 1056768K
  class space    used 76K, capacity 384K, committed 384K, reserved 1048576K

Card table byte_map: [0x0000000012840000,0x0000000013040000] byte_map_base: 0x000000000f238000

Marking Bits: (ParMarkBitMap*) 0x0000000059d55ce0
 Begin Bits: [0x0000000013d90000, 0x0000000017d50000)
 End Bits:   [0x0000000017d50000, 0x000000001bd10000)

Polling page: 0x00000000018f0000

CodeCache: size=245760Kb used=328Kb max_used=328Kb free=245431Kb
 bounds [0x0000000003480000, 0x00000000036f0000, 0x0000000012480000]
 total_blobs=58 nmethods=0 adapters=38
 compilation: enabled

Compilation events (0 events):
No events

GC Heap History (0 events):
No events

Deoptimization events (0 events):
No events

Classes redefined (0 events):
No events

Internal exceptions (0 events):
No events

Events (10 events):
Event: 0.042 loading class java/lang/Short
Event: 0.042 loading class java/lang/Short done
Event: 0.042 loading class java/lang/Integer
Event: 0.042 loading class java/lang/Integer done
Event: 0.042 loading class java/lang/Long
Event: 0.042 loading class java/lang/Long done
Event: 0.043 loading class java/lang/NullPointerException
Event: 0.043 loading class java/lang/NullPointerException done
Event: 0.043 loading class java/lang/ArithmeticException
Event: 0.043 loading class java/lang/ArithmeticException done


Dynamic libraries:
0x00007ff76d800000 - 0x00007ff76d837000 	C:\Program Files\Java\jre1.8.0_221\bin\javaw.exe
0x00007ffbf1440000 - 0x00007ffbf1621000 	C:\WINDOWS\SYSTEM32\ntdll.dll
0x00007ffbeebb0000 - 0x00007ffbeec61000 	C:\WINDOWS\System32\KERNEL32.DLL
0x00007ffbee340000 - 0x00007ffbee5b3000 	C:\WINDOWS\System32\KERNELBASE.dll
0x00007ffbf1330000 - 0x00007ffbf13d1000 	C:\WINDOWS\System32\ADVAPI32.dll
0x00007ffbf1210000 - 0x00007ffbf12ae000 	C:\WINDOWS\System32\msvcrt.dll
0x00007ffbef200000 - 0x00007ffbef25b000 	C:\WINDOWS\System32\sechost.dll
0x00007ffbef0d0000 - 0x00007ffbef1f4000 	C:\WINDOWS\System32\RPCRT4.dll
0x00007ffbeec70000 - 0x00007ffbeee01000 	C:\WINDOWS\System32\USER32.dll
0x00007ffbee5c0000 - 0x00007ffbee5e0000 	C:\WINDOWS\System32\win32u.dll
0x00007ffbf13e0000 - 0x00007ffbf1408000 	C:\WINDOWS\System32\GDI32.dll
0x00007ffbee1a0000 - 0x00007ffbee331000 	C:\WINDOWS\System32\gdi32full.dll
0x00007ffbee790000 - 0x00007ffbee82f000 	C:\WINDOWS\System32\msvcp_win.dll
0x00007ffbee690000 - 0x00007ffbee788000 	C:\WINDOWS\System32\ucrtbase.dll
0x00007ffbe4500000 - 0x00007ffbe4769000 	C:\WINDOWS\WinSxS\amd64_microsoft.windows.common-controls_6595b64144ccf1df_6.0.17134.1130_none_d3ff42617c90becf\COMCTL32.dll
0x00007ffbf0df0000 - 0x00007ffbf1111000 	C:\WINDOWS\System32\combase.dll
0x00007ffbee830000 - 0x00007ffbee8a9000 	C:\WINDOWS\System32\bcryptPrimitives.dll
0x00007ffbef300000 - 0x00007ffbef32d000 	C:\WINDOWS\System32\IMM32.DLL
0x0000000059430000 - 0x0000000059502000 	C:\Program Files\Java\jre1.8.0_221\bin\msvcr100.dll
0x0000000059530000 - 0x0000000059dd5000 	C:\Program Files\Java\jre1.8.0_221\bin\server\jvm.dll
0x00007ffbeeba0000 - 0x00007ffbeeba8000 	C:\WINDOWS\System32\PSAPI.DLL
0x00007ffbe1450000 - 0x00007ffbe1459000 	C:\WINDOWS\SYSTEM32\WSOCK32.dll
0x00007ffbe5a20000 - 0x00007ffbe5a43000 	C:\WINDOWS\SYSTEM32\WINMM.dll
0x00007ffbe4990000 - 0x00007ffbe499a000 	C:\WINDOWS\SYSTEM32\VERSION.dll
0x00007ffbeee10000 - 0x00007ffbeee7c000 	C:\WINDOWS\System32\WS2_32.dll
0x00007ffbe59f0000 - 0x00007ffbe5a1a000 	C:\WINDOWS\SYSTEM32\WINMMBASE.dll
0x00007ffbed7f0000 - 0x00007ffbed839000 	C:\WINDOWS\System32\cfgmgr32.dll
0x00007ffbe6d20000 - 0x00007ffbe6d2f000 	C:\Program Files\Java\jre1.8.0_221\bin\verify.dll
0x00007ffbd2180000 - 0x00007ffbd21a9000 	C:\Program Files\Java\jre1.8.0_221\bin\java.dll
0x00007ffbd3690000 - 0x00007ffbd36a6000 	C:\Program Files\Java\jre1.8.0_221\bin\zip.dll

VM Arguments:
jvm_args: -Dfile.encoding=UTF-8 
java_command: Cafeteria
java_class_path (initial): D:\Escritorio\Portafolio_FdeProg\Miniproyecto\bin
Launcher Type: SUN_STANDARD

Environment Variables:
PATH=C:/Program Files/Java/jre1.8.0_221/bin/server;C:/Program Files/Java/jre1.8.0_221/bin;C:/Program Files/Java/jre1.8.0_221/lib/amd64;C:\Program Files (x86)\Common Files\Oracle\Java\javapath;C:\WINDOWS\system32;C:\WINDOWS;C:\WINDOWS\System32\Wbem;C:\WINDOWS\System32\WindowsPowerShell\v1.0\;C:\Program Files (x86)\Calibre2\;C:\Program Files\Git\cmd;C:\Program Files\Git\mingw64\bin;C:\Program Files\Git\usr\bin;C:\WINDOWS\System32\OpenSSH\;C:\Program Files\Java\jdk-12.0.2\bin;C:\Users\William\Anaconda3;C:\Users\William\Anaconda3\Library\mingw-w64\bin;C:\Users\William\Anaconda3\Library\usr\bin;C:\Users\William\Anaconda3\Library\bin;C:\Users\William\Anaconda3\Scripts;C:\Users\William\AppData\Local\Microsoft\WindowsApps;C:\Users\William\AppData\Local\atom\bin;C:\Users\William\AppData\Local\Microsoft\WindowsApps;C:\Program Files\Heroku\bin;;D:\gretl;C:\Users\William\AppData\Local\Programs\Microsoft VS Code\bin;C:\WINDOWS\system32;
USERNAME=William
OS=Windows_NT
PROCESSOR_IDENTIFIER=Intel64 Family 6 Model 60 Stepping 3, GenuineIntel



---------------  S Y S T E M  ---------------

OS: Windows 10.0 , 64 bit Build 17134 (10.0.17134.753)

CPU:total 8 (initial active 8) (4 cores per cpu, 2 threads per core) family 6 model 60 stepping 3, cmov, cx8, fxsr, mmx, sse, sse2, sse3, ssse3, sse4.1, sse4.2, popcnt, avx, avx2, aes, clmul, erms, lzcnt, ht, tsc, tscinvbit, bmi1, bmi2

Memory: 4k page, physical 16710628k(9109988k free), swap 32216436k(5624k free)

vm_info: Java HotSpot(TM) 64-Bit Server VM (25.221-b11) for windows-amd64 JRE (1.8.0_221-b11), built on Jul  4 2019 04:39:29 by "java_re" with MS VC++ 10.0 (VS2010)

time: Thu Nov 14 01:52:12 2019
timezone: Hora estándar central (México)
elapsed time: 0 seconds (0d 0h 0m 0s)

